<?xml version="1.0" encoding="UTF-8"?>
<testsuite name="Create user on Utest.com" tests="1" skipped="0" failures="1" errors="0" timestamp="2020-12-01T13:22:24" hostname="DESKTOP-BEEVPKJ" time="34.738">
  <properties/>
  <testcase name="Create a new profile complying with all the page requirements" classname="Create user on Utest.com" time="34.738">
    <failure message="java.lang.UnsupportedOperationException: The of() method is not supported for By-type Targets" type="java.lang.UnsupportedOperationException">java.lang.UnsupportedOperationException: The of() method is not supported for By-type Targets
	at net.serenitybdd.screenplay.targets.ByTarget.of(ByTarget.java:67)
	at net.serenitybdd.screenplay.targets.ByTarget.of(ByTarget.java:15)
	at task.Fill.performAs(Fill.java:41)
	at task.Fill$ByteBuddy$UabyflfX.performAs$accessor$lEhMcquN(Unknown Source)
	at sun.reflect.NativeMethodAccessorImpl.invoke0(Native Method)
	at sun.reflect.NativeMethodAccessorImpl.invoke(NativeMethodAccessorImpl.java:62)
	at sun.reflect.DelegatingMethodAccessorImpl.invoke(DelegatingMethodAccessorImpl.java:43)
	at java.lang.reflect.Method.invoke(Method.java:498)
	at net.thucydides.core.steps.StepInterceptor.invokeMethod(StepInterceptor.java:471)
	at net.thucydides.core.steps.StepInterceptor.executeTestStepMethod(StepInterceptor.java:451)
	at net.thucydides.core.steps.StepInterceptor.runTestStep(StepInterceptor.java:424)
	at net.thucydides.core.steps.StepInterceptor.runOrSkipMethod(StepInterceptor.java:180)
	at net.thucydides.core.steps.StepInterceptor.testStepResult(StepInterceptor.java:167)
	at net.thucydides.core.steps.StepInterceptor.intercept(StepInterceptor.java:75)
	at task.Fill$ByteBuddy$UabyflfX.performAs(Unknown Source)
	at net.serenitybdd.screenplay.Actor.performTask(Actor.java:233)
	at net.serenitybdd.screenplay.Actor.perform(Actor.java:214)
	at net.serenitybdd.screenplay.Actor.attemptsTo(Actor.java:171)
	at stepdefinitions.AutomationChallengeStepDefinitions.heComplyingAllTheRequireSteps(AutomationChallengeStepDefinitions.java:23)
	at ✽.he complying all the require steps(src/test/resources/features/automationChallenge.feature:10)
</failure>
  </testcase>
  <system-out><![CDATA[]]></system-out>
  <system-err><![CDATA[[Test worker] WARN net.thucydides.core.steps.BaseStepListener - stepStarted: net.thucydides.core.steps.ExecutedStepDescription@10df950
[Test worker] WARN net.thucydides.core.steps.BaseStepListener - stepStarted: net.thucydides.core.steps.ExecutedStepDescription@6bd5da67
[Test worker] WARN net.thucydides.core.steps.BaseStepListener - stepStarted: net.thucydides.core.steps.ExecutedStepDescription@4f7deb38
dic 01, 2020 8:22:26 AM org.openqa.selenium.remote.DesiredCapabilities chrome
INFORMACIÓN: Using `new ChromeOptions()` is preferred to `DesiredCapabilities.chrome()`
[Test worker] INFO net.serenitybdd.core.webdriver.driverproviders.ProvideNewDriver - Instantiating driver
[Test worker] INFO net.serenitybdd.core.webdriver.driverproviders.ProvideNewDriver - Driver capabilities: Capabilities {acceptInsecureCerts: false, browserName: chrome, chrome.switches: --start-maximized, goog:chromeOptions: {args: [--start-maximized], extensions: []}, loggingPrefs: org.openqa.selenium.logging..., platform: ANY, version: }
Starting ChromeDriver 86.0.4240.22 (398b0743353ff36fb1b82468f63a3a93b4e2e89e-refs/branch-heads/4240@{#378}) on port 48781
Only local connections are allowed.
Please see https://chromedriver.chromium.org/security-considerations for suggestions on keeping ChromeDriver safe.
ChromeDriver was started successfully.
[1606828951.843][WARNING]: This version of ChromeDriver has not been tested with Chrome version 87.
dic 01, 2020 8:22:33 AM org.openqa.selenium.remote.ProtocolHandshake createSession
INFORMACIÓN: Detected dialect: W3C
[Test worker] WARN net.thucydides.core.steps.BaseStepListener - stepFinished: current outcome:Create a new profile complying with all the page requirements:Example: {name=Pablo Andres, lastName=Hernandez, email=pablonekketsu@gmail.com, month=May, day=17, year=1992, city=Bogota, zip_code=110111, user=pablo, password=example123} [Given that Pablo wants create a new profile on Utest [Pablo open up [Pablo opens the Automation challenge page]]]
[Test worker] WARN net.thucydides.core.steps.BaseStepListener - stepStarted: net.thucydides.core.steps.ExecutedStepDescription@3d31d173
[Test worker] WARN net.thucydides.core.steps.BaseStepListener - stepFinished: current outcome:Create a new profile complying with all the page requirements:Example: {name=Pablo Andres, lastName=Hernandez, email=pablonekketsu@gmail.com, month=May, day=17, year=1992, city=Bogota, zip_code=110111, user=pablo, password=example123} [Given that Pablo wants create a new profile on Utest [Pablo open up [Pablo opens the Automation challenge page, Pablo clicks on button to start the creation of new profile]]]
[Test worker] WARN net.thucydides.core.steps.BaseStepListener - stepFinished: current outcome:Create a new profile complying with all the page requirements:Example: {name=Pablo Andres, lastName=Hernandez, email=pablonekketsu@gmail.com, month=May, day=17, year=1992, city=Bogota, zip_code=110111, user=pablo, password=example123} [Given that Pablo wants create a new profile on Utest [Pablo open up [Pablo opens the Automation challenge page, Pablo clicks on button to start the creation of new profile]]]
[Test worker] WARN net.thucydides.core.steps.BaseStepListener - stepFinished: current outcome:Create a new profile complying with all the page requirements:Example: {name=Pablo Andres, lastName=Hernandez, email=pablonekketsu@gmail.com, month=May, day=17, year=1992, city=Bogota, zip_code=110111, user=pablo, password=example123} [Given that Pablo wants create a new profile on Utest [Pablo open up [Pablo opens the Automation challenge page, Pablo clicks on button to start the creation of new profile]]]
[Test worker] WARN net.thucydides.core.steps.BaseStepListener - stepStarted: net.thucydides.core.steps.ExecutedStepDescription@78b4c591
[Test worker] WARN net.thucydides.core.steps.BaseStepListener - stepStarted: net.thucydides.core.steps.ExecutedStepDescription@647951e3
[Test worker] WARN net.thucydides.core.steps.BaseStepListener - stepStarted: net.thucydides.core.steps.ExecutedStepDescription@70499738
[Test worker] WARN net.thucydides.core.steps.BaseStepListener - testFinished: Create a new profile complying with all the page requirements:Example: {name=Pablo Andres, lastName=Hernandez, email=pablonekketsu@gmail.com, month=May, day=17, year=1992, city=Bogota, zip_code=110111, user=pablo, password=example123} [Given that Pablo wants create a new profile on Utest [Pablo open up [Pablo opens the Automation challenge page, Pablo clicks on button to start the creation of new profile]], When he complying all the require steps
| name | lastName | email | month | day | year | city | zip_code | user | password |
| Pablo Andres | Hernandez | pablonekketsu@gmail.com | May | 17 | 1992 | Bogota | 110111 | pablo | example123 | [Pablo fill], Then the profile is create successful]
[Test worker] WARN net.thucydides.core.steps.BaseStepListener - TestOutcomes: [Create a new profile complying with all the page requirements:Example: {name=Pablo Andres, lastName=Hernandez, email=pablonekketsu@gmail.com, month=May, day=17, year=1992, city=Bogota, zip_code=110111, user=pablo, password=example123} [Given that Pablo wants create a new profile on Utest [Pablo open up [Pablo opens the Automation challenge page, Pablo clicks on button to start the creation of new profile]], When he complying all the require steps
| name | lastName | email | month | day | year | city | zip_code | user | password |
| Pablo Andres | Hernandez | pablonekketsu@gmail.com | May | 17 | 1992 | Bogota | 110111 | pablo | example123 | [Pablo fill], Then the profile is create successful]]
[Test worker] WARN net.thucydides.core.steps.BaseStepListener - Final testOutcomes: [Create a new profile complying with all the page requirements:Example: {name=Pablo Andres, lastName=Hernandez, email=pablonekketsu@gmail.com, month=May, day=17, year=1992, city=Bogota, zip_code=110111, user=pablo, password=example123} [Given that Pablo wants create a new profile on Utest [Pablo open up [Pablo opens the Automation challenge page, Pablo clicks on button to start the creation of new profile]], When he complying all the require steps
| name | lastName | email | month | day | year | city | zip_code | user | password |
| Pablo Andres | Hernandez | pablonekketsu@gmail.com | May | 17 | 1992 | Bogota | 110111 | pablo | example123 | [Pablo fill], Then the profile is create successful]]
[Test worker] ERROR net.thucydides.core.steps.ConsoleLoggingListener - 
           __  _____ _____ ____ _____   _____ _    ___ _     _____ ____  
  _       / / |_   _| ____/ ___|_   _| |  ___/ \  |_ _| |   | ____|  _ \ 
 (_)_____| |    | | |  _| \___ \ | |   | |_ / _ \  | || |   |  _| | | | |
  _|_____| |    | | | |___ ___) || |   |  _/ ___ \ | || |___| |___| |_| |
 (_)     | |    |_| |_____|____/ |_|   |_|/_/   \_\___|_____|_____|____/ 
          \_\                                                            

TEST FAILED WITH ERROR: Create a new profile complying with all the page requirements
---------------------------------------------------------------------
[Test worker] ERROR net.thucydides.core.steps.ConsoleLoggingListener - TEST FAILED AT STEP Pablo fill
[Test worker] ERROR net.thucydides.core.steps.ConsoleLoggingListener - The of() method is not supported for By-type Targets
]]></system-err>
</testsuite>
